2021-03-22 17:48:20.051  INFO 8956 --- [main] io.hari.demo.DemoApplication             : Starting DemoApplication using Java 1.8.0_281 on MSI with PID 8956 (C:\Users\Hariom Yadav\Desktop\parking\parking_lot\target\classes started by Hariom Yadav in C:\Users\Hariom Yadav\Desktop\parking\parking_lot)
2021-03-22 17:48:20.057  INFO 8956 --- [main] io.hari.demo.DemoApplication             : The following profiles are active: dev
2021-03-22 17:48:20.788  INFO 8956 --- [main] .s.d.r.c.RepositoryConfigurationDelegate : Bootstrapping Spring Data JPA repositories in DEFAULT mode.
2021-03-22 17:48:20.866  INFO 8956 --- [main] .s.d.r.c.RepositoryConfigurationDelegate : Finished Spring Data repository scanning in 66 ms. Found 4 JPA repository interfaces.
2021-03-22 17:48:21.364  INFO 8956 --- [main] o.s.b.w.embedded.tomcat.TomcatWebServer  : Tomcat initialized with port(s): 8080 (http)
2021-03-22 17:48:21.375  INFO 8956 --- [main] o.apache.catalina.core.StandardService   : Starting service [Tomcat]
2021-03-22 17:48:21.376  INFO 8956 --- [main] org.apache.catalina.core.StandardEngine  : Starting Servlet engine: [Apache Tomcat/9.0.43]
2021-03-22 17:48:21.523  INFO 8956 --- [main] o.a.c.c.C.[Tomcat].[localhost].[/]       : Initializing Spring embedded WebApplicationContext
2021-03-22 17:48:21.523  INFO 8956 --- [main] w.s.c.ServletWebServerApplicationContext : Root WebApplicationContext: initialization completed in 1415 ms
2021-03-22 17:48:21.575  INFO 8956 --- [main] com.zaxxer.hikari.HikariDataSource       : HikariPool-1 - Starting...
2021-03-22 17:48:21.729  INFO 8956 --- [main] com.zaxxer.hikari.HikariDataSource       : HikariPool-1 - Start completed.
2021-03-22 17:48:21.734  INFO 8956 --- [main] o.s.b.a.h2.H2ConsoleAutoConfiguration    : H2 console available at '/h2-console'. Database available at 'jdbc:h2:mem:h2db'
2021-03-22 17:48:21.860  INFO 8956 --- [main] o.hibernate.jpa.internal.util.LogHelper  : HHH000204: Processing PersistenceUnitInfo [name: default]
2021-03-22 17:48:21.929  INFO 8956 --- [main] org.hibernate.Version                    : HHH000412: Hibernate ORM core version 5.4.28.Final
2021-03-22 17:48:22.135  INFO 8956 --- [main] o.hibernate.annotations.common.Version   : HCANN000001: Hibernate Commons Annotations {5.1.2.Final}
2021-03-22 17:48:22.310  INFO 8956 --- [main] org.hibernate.dialect.Dialect            : HHH000400: Using dialect: org.hibernate.dialect.H2Dialect
2021-03-22 17:48:23.054  INFO 8956 --- [main] o.h.e.t.j.p.i.JtaPlatformInitiator       : HHH000490: Using JtaPlatform implementation: [org.hibernate.engine.transaction.jta.platform.internal.NoJtaPlatform]
2021-03-22 17:48:23.062  INFO 8956 --- [main] j.LocalContainerEntityManagerFactoryBean : Initialized JPA EntityManagerFactory for persistence unit 'default'
2021-03-22 17:48:23.555  WARN 8956 --- [main] JpaBaseConfiguration$JpaWebConfiguration : spring.jpa.open-in-view is enabled by default. Therefore, database queries may be performed during view rendering. Explicitly configure spring.jpa.open-in-view to disable this warning
2021-03-22 17:48:23.884  INFO 8956 --- [main] o.s.s.concurrent.ThreadPoolTaskExecutor  : Initializing ExecutorService 'applicationTaskExecutor'
2021-03-22 17:48:24.263  INFO 8956 --- [main] org.quartz.impl.StdSchedulerFactory      : Using default implementation for ThreadExecutor
2021-03-22 17:48:24.273  INFO 8956 --- [main] org.quartz.core.SchedulerSignalerImpl    : Initialized Scheduler Signaller of type: class org.quartz.core.SchedulerSignalerImpl
2021-03-22 17:48:24.274  INFO 8956 --- [main] org.quartz.core.QuartzScheduler          : Quartz Scheduler v.2.3.2 created.
2021-03-22 17:48:24.274  INFO 8956 --- [main] org.quartz.simpl.RAMJobStore             : RAMJobStore initialized.
2021-03-22 17:48:24.274  INFO 8956 --- [main] org.quartz.core.QuartzScheduler          : Scheduler meta-data: Quartz Scheduler (v2.3.2) 'quartzScheduler' with instanceId 'NON_CLUSTERED'
  Scheduler class: 'org.quartz.core.QuartzScheduler' - running locally.
  NOT STARTED.
  Currently in standby mode.
  Number of jobs executed: 0
  Using thread pool 'org.quartz.simpl.SimpleThreadPool' - with 10 threads.
  Using job-store 'org.quartz.simpl.RAMJobStore' - which does not support persistence. and is not clustered.

2021-03-22 17:48:24.274  INFO 8956 --- [main] org.quartz.impl.StdSchedulerFactory      : Quartz scheduler 'quartzScheduler' initialized from an externally provided properties instance.
2021-03-22 17:48:24.274  INFO 8956 --- [main] org.quartz.impl.StdSchedulerFactory      : Quartz scheduler version: 2.3.2
2021-03-22 17:48:24.275  INFO 8956 --- [main] org.quartz.core.QuartzScheduler          : JobFactory set to: org.springframework.scheduling.quartz.SpringBeanJobFactory@3de8f85c
2021-03-22 17:48:24.315  INFO 8956 --- [main] o.s.b.w.embedded.tomcat.TomcatWebServer  : Tomcat started on port(s): 8080 (http) with context path ''
2021-03-22 17:48:24.316  INFO 8956 --- [main] o.s.s.quartz.SchedulerFactoryBean        : Starting Quartz Scheduler now
2021-03-22 17:48:24.316  INFO 8956 --- [main] org.quartz.core.QuartzScheduler          : Scheduler quartzScheduler_$_NON_CLUSTERED started.
2021-03-22 17:48:24.323  INFO 8956 --- [main] io.hari.demo.DemoApplication             : Started DemoApplication in 4.705 seconds (JVM running for 5.457)
2021-03-22 17:49:36.949  INFO 8956 --- [http-nio-8080-exec-10] o.a.c.c.C.[Tomcat].[localhost].[/]       : Initializing Spring DispatcherServlet 'dispatcherServlet'
2021-03-22 17:49:36.949  INFO 8956 --- [http-nio-8080-exec-10] o.s.web.servlet.DispatcherServlet        : Initializing Servlet 'dispatcherServlet'
2021-03-22 17:49:36.952  INFO 8956 --- [http-nio-8080-exec-10] o.s.web.servlet.DispatcherServlet        : Completed initialization in 2 ms
2021-03-22 17:53:13.853  INFO 10772 --- [main] io.hari.demo.DemoApplication             : Starting DemoApplication using Java 1.8.0_281 on MSI with PID 10772 (C:\Users\Hariom Yadav\Desktop\parking\parking_lot\target\classes started by Hariom Yadav in C:\Users\Hariom Yadav\Desktop\parking\parking_lot)
2021-03-22 17:53:13.856  INFO 10772 --- [main] io.hari.demo.DemoApplication             : The following profiles are active: dev
2021-03-22 17:53:14.515  INFO 10772 --- [main] .s.d.r.c.RepositoryConfigurationDelegate : Bootstrapping Spring Data JPA repositories in DEFAULT mode.
2021-03-22 17:53:14.570  INFO 10772 --- [main] .s.d.r.c.RepositoryConfigurationDelegate : Finished Spring Data repository scanning in 48 ms. Found 4 JPA repository interfaces.
2021-03-22 17:53:15.040  INFO 10772 --- [main] o.s.b.w.embedded.tomcat.TomcatWebServer  : Tomcat initialized with port(s): 8080 (http)
2021-03-22 17:53:15.047  INFO 10772 --- [main] o.apache.catalina.core.StandardService   : Starting service [Tomcat]
2021-03-22 17:53:15.048  INFO 10772 --- [main] org.apache.catalina.core.StandardEngine  : Starting Servlet engine: [Apache Tomcat/9.0.43]
2021-03-22 17:53:15.143  INFO 10772 --- [main] o.a.c.c.C.[Tomcat].[localhost].[/]       : Initializing Spring embedded WebApplicationContext
2021-03-22 17:53:15.143  INFO 10772 --- [main] w.s.c.ServletWebServerApplicationContext : Root WebApplicationContext: initialization completed in 1239 ms
2021-03-22 17:53:15.188  INFO 10772 --- [main] com.zaxxer.hikari.HikariDataSource       : HikariPool-1 - Starting...
2021-03-22 17:53:15.317  INFO 10772 --- [main] com.zaxxer.hikari.HikariDataSource       : HikariPool-1 - Start completed.
2021-03-22 17:53:15.321  INFO 10772 --- [main] o.s.b.a.h2.H2ConsoleAutoConfiguration    : H2 console available at '/h2-console'. Database available at 'jdbc:h2:mem:h2db'
2021-03-22 17:53:15.488  INFO 10772 --- [main] o.hibernate.jpa.internal.util.LogHelper  : HHH000204: Processing PersistenceUnitInfo [name: default]
2021-03-22 17:53:15.519  INFO 10772 --- [main] org.hibernate.Version                    : HHH000412: Hibernate ORM core version 5.4.28.Final
2021-03-22 17:53:15.595  INFO 10772 --- [main] o.hibernate.annotations.common.Version   : HCANN000001: Hibernate Commons Annotations {5.1.2.Final}
2021-03-22 17:53:15.668  INFO 10772 --- [main] org.hibernate.dialect.Dialect            : HHH000400: Using dialect: org.hibernate.dialect.H2Dialect
2021-03-22 17:53:16.188  INFO 10772 --- [main] o.h.e.t.j.p.i.JtaPlatformInitiator       : HHH000490: Using JtaPlatform implementation: [org.hibernate.engine.transaction.jta.platform.internal.NoJtaPlatform]
2021-03-22 17:53:16.194  INFO 10772 --- [main] j.LocalContainerEntityManagerFactoryBean : Initialized JPA EntityManagerFactory for persistence unit 'default'
2021-03-22 17:53:16.604  WARN 10772 --- [main] JpaBaseConfiguration$JpaWebConfiguration : spring.jpa.open-in-view is enabled by default. Therefore, database queries may be performed during view rendering. Explicitly configure spring.jpa.open-in-view to disable this warning
2021-03-22 17:53:16.935  INFO 10772 --- [main] o.s.s.concurrent.ThreadPoolTaskExecutor  : Initializing ExecutorService 'applicationTaskExecutor'
2021-03-22 17:53:17.355  INFO 10772 --- [main] org.quartz.impl.StdSchedulerFactory      : Using default implementation for ThreadExecutor
2021-03-22 17:53:17.365  INFO 10772 --- [main] org.quartz.core.SchedulerSignalerImpl    : Initialized Scheduler Signaller of type: class org.quartz.core.SchedulerSignalerImpl
2021-03-22 17:53:17.365  INFO 10772 --- [main] org.quartz.core.QuartzScheduler          : Quartz Scheduler v.2.3.2 created.
2021-03-22 17:53:17.366  INFO 10772 --- [main] org.quartz.simpl.RAMJobStore             : RAMJobStore initialized.
2021-03-22 17:53:17.367  INFO 10772 --- [main] org.quartz.core.QuartzScheduler          : Scheduler meta-data: Quartz Scheduler (v2.3.2) 'quartzScheduler' with instanceId 'NON_CLUSTERED'
  Scheduler class: 'org.quartz.core.QuartzScheduler' - running locally.
  NOT STARTED.
  Currently in standby mode.
  Number of jobs executed: 0
  Using thread pool 'org.quartz.simpl.SimpleThreadPool' - with 10 threads.
  Using job-store 'org.quartz.simpl.RAMJobStore' - which does not support persistence. and is not clustered.

2021-03-22 17:53:17.367  INFO 10772 --- [main] org.quartz.impl.StdSchedulerFactory      : Quartz scheduler 'quartzScheduler' initialized from an externally provided properties instance.
2021-03-22 17:53:17.367  INFO 10772 --- [main] org.quartz.impl.StdSchedulerFactory      : Quartz scheduler version: 2.3.2
2021-03-22 17:53:17.367  INFO 10772 --- [main] org.quartz.core.QuartzScheduler          : JobFactory set to: org.springframework.scheduling.quartz.SpringBeanJobFactory@56b05bd7
2021-03-22 17:53:17.417  INFO 10772 --- [main] o.s.b.w.embedded.tomcat.TomcatWebServer  : Tomcat started on port(s): 8080 (http) with context path ''
2021-03-22 17:53:17.418  INFO 10772 --- [main] o.s.s.quartz.SchedulerFactoryBean        : Starting Quartz Scheduler now
2021-03-22 17:53:17.418  INFO 10772 --- [main] org.quartz.core.QuartzScheduler          : Scheduler quartzScheduler_$_NON_CLUSTERED started.
2021-03-22 17:53:17.425  INFO 10772 --- [main] io.hari.demo.DemoApplication             : Started DemoApplication in 3.945 seconds (JVM running for 4.524)
2021-03-22 17:53:37.284  INFO 1296 --- [main] io.hari.demo.DemoApplication             : Starting DemoApplication using Java 1.8.0_281 on MSI with PID 1296 (C:\Users\Hariom Yadav\Desktop\parking\parking_lot\target\classes started by Hariom Yadav in C:\Users\Hariom Yadav\Desktop\parking\parking_lot)
2021-03-22 17:53:37.287  INFO 1296 --- [main] io.hari.demo.DemoApplication             : The following profiles are active: dev
2021-03-22 17:53:37.965  INFO 1296 --- [main] .s.d.r.c.RepositoryConfigurationDelegate : Bootstrapping Spring Data JPA repositories in DEFAULT mode.
2021-03-22 17:53:38.013  INFO 1296 --- [main] .s.d.r.c.RepositoryConfigurationDelegate : Finished Spring Data repository scanning in 41 ms. Found 4 JPA repository interfaces.
2021-03-22 17:53:38.639  INFO 1296 --- [main] o.s.b.w.embedded.tomcat.TomcatWebServer  : Tomcat initialized with port(s): 8080 (http)
2021-03-22 17:53:38.645  INFO 1296 --- [main] o.apache.catalina.core.StandardService   : Starting service [Tomcat]
2021-03-22 17:53:38.645  INFO 1296 --- [main] org.apache.catalina.core.StandardEngine  : Starting Servlet engine: [Apache Tomcat/9.0.43]
2021-03-22 17:53:38.716  INFO 1296 --- [main] o.a.c.c.C.[Tomcat].[localhost].[/]       : Initializing Spring embedded WebApplicationContext
2021-03-22 17:53:38.716  INFO 1296 --- [main] w.s.c.ServletWebServerApplicationContext : Root WebApplicationContext: initialization completed in 1375 ms
2021-03-22 17:53:38.822  INFO 1296 --- [main] com.zaxxer.hikari.HikariDataSource       : HikariPool-1 - Starting...
2021-03-22 17:53:38.924  INFO 1296 --- [main] com.zaxxer.hikari.HikariDataSource       : HikariPool-1 - Start completed.
2021-03-22 17:53:38.930  INFO 1296 --- [main] o.s.b.a.h2.H2ConsoleAutoConfiguration    : H2 console available at '/h2-console'. Database available at 'jdbc:h2:mem:h2db'
2021-03-22 17:53:39.093  INFO 1296 --- [main] o.hibernate.jpa.internal.util.LogHelper  : HHH000204: Processing PersistenceUnitInfo [name: default]
2021-03-22 17:53:39.122  INFO 1296 --- [main] org.hibernate.Version                    : HHH000412: Hibernate ORM core version 5.4.28.Final
2021-03-22 17:53:39.198  INFO 1296 --- [main] o.hibernate.annotations.common.Version   : HCANN000001: Hibernate Commons Annotations {5.1.2.Final}
2021-03-22 17:53:39.269  INFO 1296 --- [main] org.hibernate.dialect.Dialect            : HHH000400: Using dialect: org.hibernate.dialect.H2Dialect
2021-03-22 17:53:39.845  INFO 1296 --- [main] o.h.e.t.j.p.i.JtaPlatformInitiator       : HHH000490: Using JtaPlatform implementation: [org.hibernate.engine.transaction.jta.platform.internal.NoJtaPlatform]
2021-03-22 17:53:39.851  INFO 1296 --- [main] j.LocalContainerEntityManagerFactoryBean : Initialized JPA EntityManagerFactory for persistence unit 'default'
2021-03-22 17:53:40.288  WARN 1296 --- [main] JpaBaseConfiguration$JpaWebConfiguration : spring.jpa.open-in-view is enabled by default. Therefore, database queries may be performed during view rendering. Explicitly configure spring.jpa.open-in-view to disable this warning
2021-03-22 17:53:40.632  INFO 1296 --- [main] o.s.s.concurrent.ThreadPoolTaskExecutor  : Initializing ExecutorService 'applicationTaskExecutor'
2021-03-22 17:53:40.940  INFO 1296 --- [main] org.quartz.impl.StdSchedulerFactory      : Using default implementation for ThreadExecutor
2021-03-22 17:53:40.947  INFO 1296 --- [main] org.quartz.core.SchedulerSignalerImpl    : Initialized Scheduler Signaller of type: class org.quartz.core.SchedulerSignalerImpl
2021-03-22 17:53:40.947  INFO 1296 --- [main] org.quartz.core.QuartzScheduler          : Quartz Scheduler v.2.3.2 created.
2021-03-22 17:53:40.948  INFO 1296 --- [main] org.quartz.simpl.RAMJobStore             : RAMJobStore initialized.
2021-03-22 17:53:40.948  INFO 1296 --- [main] org.quartz.core.QuartzScheduler          : Scheduler meta-data: Quartz Scheduler (v2.3.2) 'quartzScheduler' with instanceId 'NON_CLUSTERED'
  Scheduler class: 'org.quartz.core.QuartzScheduler' - running locally.
  NOT STARTED.
  Currently in standby mode.
  Number of jobs executed: 0
  Using thread pool 'org.quartz.simpl.SimpleThreadPool' - with 10 threads.
  Using job-store 'org.quartz.simpl.RAMJobStore' - which does not support persistence. and is not clustered.

2021-03-22 17:53:40.948  INFO 1296 --- [main] org.quartz.impl.StdSchedulerFactory      : Quartz scheduler 'quartzScheduler' initialized from an externally provided properties instance.
2021-03-22 17:53:40.948  INFO 1296 --- [main] org.quartz.impl.StdSchedulerFactory      : Quartz scheduler version: 2.3.2
2021-03-22 17:53:40.949  INFO 1296 --- [main] org.quartz.core.QuartzScheduler          : JobFactory set to: org.springframework.scheduling.quartz.SpringBeanJobFactory@794cb26b
2021-03-22 17:53:40.989  INFO 1296 --- [main] o.s.b.w.embedded.tomcat.TomcatWebServer  : Tomcat started on port(s): 8080 (http) with context path ''
2021-03-22 17:53:40.989  INFO 1296 --- [main] o.s.s.quartz.SchedulerFactoryBean        : Starting Quartz Scheduler now
2021-03-22 17:53:40.990  INFO 1296 --- [main] org.quartz.core.QuartzScheduler          : Scheduler quartzScheduler_$_NON_CLUSTERED started.
2021-03-22 17:53:40.996  INFO 1296 --- [main] io.hari.demo.DemoApplication             : Started DemoApplication in 4.078 seconds (JVM running for 4.847)
2021-03-22 17:55:46.505  INFO 16992 --- [main] io.hari.demo.DemoApplication             : Starting DemoApplication using Java 1.8.0_281 on MSI with PID 16992 (C:\Users\Hariom Yadav\Desktop\parking\parking_lot\target\classes started by Hariom Yadav in C:\Users\Hariom Yadav\Desktop\parking\parking_lot)
2021-03-22 17:55:46.508  INFO 16992 --- [main] io.hari.demo.DemoApplication             : The following profiles are active: dev
2021-03-22 17:55:47.087  INFO 16992 --- [main] .s.d.r.c.RepositoryConfigurationDelegate : Bootstrapping Spring Data JPA repositories in DEFAULT mode.
2021-03-22 17:55:47.141  INFO 16992 --- [main] .s.d.r.c.RepositoryConfigurationDelegate : Finished Spring Data repository scanning in 46 ms. Found 4 JPA repository interfaces.
2021-03-22 17:55:47.774  INFO 16992 --- [main] o.s.b.w.embedded.tomcat.TomcatWebServer  : Tomcat initialized with port(s): 8080 (http)
2021-03-22 17:55:47.785  INFO 16992 --- [main] o.apache.catalina.core.StandardService   : Starting service [Tomcat]
2021-03-22 17:55:47.786  INFO 16992 --- [main] org.apache.catalina.core.StandardEngine  : Starting Servlet engine: [Apache Tomcat/9.0.43]
2021-03-22 17:55:47.905  INFO 16992 --- [main] o.a.c.c.C.[Tomcat].[localhost].[/]       : Initializing Spring embedded WebApplicationContext
2021-03-22 17:55:47.905  INFO 16992 --- [main] w.s.c.ServletWebServerApplicationContext : Root WebApplicationContext: initialization completed in 1350 ms
2021-03-22 17:55:47.949  INFO 16992 --- [main] com.zaxxer.hikari.HikariDataSource       : HikariPool-1 - Starting...
2021-03-22 17:55:48.082  INFO 16992 --- [main] com.zaxxer.hikari.HikariDataSource       : HikariPool-1 - Start completed.
2021-03-22 17:55:48.087  INFO 16992 --- [main] o.s.b.a.h2.H2ConsoleAutoConfiguration    : H2 console available at '/h2-console'. Database available at 'jdbc:h2:mem:h2db'
2021-03-22 17:55:48.199  INFO 16992 --- [main] o.hibernate.jpa.internal.util.LogHelper  : HHH000204: Processing PersistenceUnitInfo [name: default]
2021-03-22 17:55:48.237  INFO 16992 --- [main] org.hibernate.Version                    : HHH000412: Hibernate ORM core version 5.4.28.Final
2021-03-22 17:55:48.345  INFO 16992 --- [main] o.hibernate.annotations.common.Version   : HCANN000001: Hibernate Commons Annotations {5.1.2.Final}
2021-03-22 17:55:48.421  INFO 16992 --- [main] org.hibernate.dialect.Dialect            : HHH000400: Using dialect: org.hibernate.dialect.H2Dialect
2021-03-22 17:55:48.932  INFO 16992 --- [main] o.h.e.t.j.p.i.JtaPlatformInitiator       : HHH000490: Using JtaPlatform implementation: [org.hibernate.engine.transaction.jta.platform.internal.NoJtaPlatform]
2021-03-22 17:55:48.938  INFO 16992 --- [main] j.LocalContainerEntityManagerFactoryBean : Initialized JPA EntityManagerFactory for persistence unit 'default'
2021-03-22 17:55:49.356  WARN 16992 --- [main] JpaBaseConfiguration$JpaWebConfiguration : spring.jpa.open-in-view is enabled by default. Therefore, database queries may be performed during view rendering. Explicitly configure spring.jpa.open-in-view to disable this warning
2021-03-22 17:55:49.662  INFO 16992 --- [main] o.s.s.concurrent.ThreadPoolTaskExecutor  : Initializing ExecutorService 'applicationTaskExecutor'
2021-03-22 17:55:49.976  INFO 16992 --- [main] org.quartz.impl.StdSchedulerFactory      : Using default implementation for ThreadExecutor
2021-03-22 17:55:49.983  INFO 16992 --- [main] org.quartz.core.SchedulerSignalerImpl    : Initialized Scheduler Signaller of type: class org.quartz.core.SchedulerSignalerImpl
2021-03-22 17:55:49.984  INFO 16992 --- [main] org.quartz.core.QuartzScheduler          : Quartz Scheduler v.2.3.2 created.
2021-03-22 17:55:49.984  INFO 16992 --- [main] org.quartz.simpl.RAMJobStore             : RAMJobStore initialized.
2021-03-22 17:55:49.985  INFO 16992 --- [main] org.quartz.core.QuartzScheduler          : Scheduler meta-data: Quartz Scheduler (v2.3.2) 'quartzScheduler' with instanceId 'NON_CLUSTERED'
  Scheduler class: 'org.quartz.core.QuartzScheduler' - running locally.
  NOT STARTED.
  Currently in standby mode.
  Number of jobs executed: 0
  Using thread pool 'org.quartz.simpl.SimpleThreadPool' - with 10 threads.
  Using job-store 'org.quartz.simpl.RAMJobStore' - which does not support persistence. and is not clustered.

2021-03-22 17:55:49.985  INFO 16992 --- [main] org.quartz.impl.StdSchedulerFactory      : Quartz scheduler 'quartzScheduler' initialized from an externally provided properties instance.
2021-03-22 17:55:49.985  INFO 16992 --- [main] org.quartz.impl.StdSchedulerFactory      : Quartz scheduler version: 2.3.2
2021-03-22 17:55:49.985  INFO 16992 --- [main] org.quartz.core.QuartzScheduler          : JobFactory set to: org.springframework.scheduling.quartz.SpringBeanJobFactory@7440265c
2021-03-22 17:55:50.024  INFO 16992 --- [main] o.s.b.w.embedded.tomcat.TomcatWebServer  : Tomcat started on port(s): 8080 (http) with context path ''
2021-03-22 17:55:50.025  INFO 16992 --- [main] o.s.s.quartz.SchedulerFactoryBean        : Starting Quartz Scheduler now
2021-03-22 17:55:50.025  INFO 16992 --- [main] org.quartz.core.QuartzScheduler          : Scheduler quartzScheduler_$_NON_CLUSTERED started.
2021-03-22 17:55:50.032  INFO 16992 --- [main] io.hari.demo.DemoApplication             : Started DemoApplication in 3.871 seconds (JVM running for 4.468)
